<?xml version="1.0" encoding="UTF-8"?>
<!-- Generated by org.testng.reporters.JUnitXMLReporter -->
<testsuite hostname="System" ignored="0" name=" Ecommerce Application Test " tests="26" failures="0" timestamp="14 Apr 2020 15:21:01 GMT" time="389.003" errors="0">
  <testcase name="testdragAndDrop" time="10.013" classname="com.STTA.testCases.TC_DragAndDropAnElement_001"/>
  <testcase name="LogIn_Test" time="10.832" classname="com.STTA.testCases.TC_DataproviderDDT_002"/>
  <testcase name="LogIn_Test" time="7.497" classname="com.STTA.testCases.TC_DataproviderDDT_002"/>
  <testcase name="LogIn_Test" time="7.479" classname="com.STTA.testCases.TC_DataproviderDDT_002"/>
  <testcase name="LogIn_Test" time="7.364" classname="com.STTA.testCases.TC_DataproviderDDT_002"/>
  <testcase name="testCal" time="5.947" classname="com.STTA.testCases.TC_IEBrowserSampleTest_003"/>
  <testcase name="testCheckbox" time="3.683" classname="com.STTA.testCases.TC_HandleCheckbox_004"/>
  <testcase name="testmethodone" time="1.478" classname="com.STTA.testCases.TC_HandleCheckbox_004"/>
  <testcase name="testBrowsercmds" time="25.547" classname="com.STTA.testCases.TC_NavigationCommands_005"/>
  <testcase name="testCaptureScreenshot" time="3.931" classname="com.STTA.testCases.TC_CaptureScreenShot_008"/>
  <testcase name="testGeneratingMouseHoverEventOnMainMenuToClickOnSubMenu" time="4.463" classname="com.STTA.testCases.TC_GeneratingMouseHoverEventOnMainMenuToClickOnSubMenu_009"/>
  <testcase name="testHandlingMultipleBrowserWindows" time="40.626" classname="com.STTA.testCases.TC_HandlingMultipleBrowserWindows_010"/>
  <testcase name="testHandlingJSAlerts" time="16.602" classname="com.STTA.testCases.TC_HandlingJSAlerts_012"/>
  <testcase name="testHighlightElement" time="17.198" classname="com.STTA.testCases.TC_HighlightElement_013"/>
  <testcase name="testReadingFontProperties" time="3.212" classname="com.STTA.testCases.TC_ReadingFontProperties_014"/>
  <testcase name="testDiffBetFindElementAndFindElements" time="9.915" classname="com.STTA.testCases.TC_DiffBetFindElementAndFindElements_015"/>
  <testcase name="testDiffBetClickAndSubmit" time="9.672" classname="com.STTA.testCases.TC_DiifBetweenSubmitAndClick_007"/>
  <testcase name="testObjectRepositoryUsingPropertiesFile" time="11.787" classname="com.STTA.testCases.TC_ObjectRepositoryUsingPropertiesFile_016"/>
  <testcase name="testGetOrExtractAllLinksFromWebPage" time="11.393" classname="com.STTA.testCases.TC_GetOrExtractAllLinksFromWebPage_017"/>
  <testcase name="testExtractingAllTextFieldsFromWebPage" time="10.277" classname="com.STTA.testCases.TC_ExtractingAllTextFieldsFromWebPage_018"/>
  <testcase name="testMethod" time="0.003" classname="com.STTA.testCases.TC_ExtractingAllTextFieldsFromWebPage_018"/>
  <testcase name="testExtractOrReadTableData" time="9.41" classname="com.STTA.testCases.TC_ExtractOrReadTableData_19"/>
  <testcase name="testmethodone" time="1.448" classname="com.STTA.testCases.TC_ExtractOrReadTableData_19"/>
  <testcase name="testHandleDynamicWebTable" time="7.02" classname="com.STTA.testCases.TC_HandleDynamicWebTable_020"/>
  <testcase name="testDDTorParameterization" time="47.636" classname="com.STTA.testCases.TC_ParameterizationOrDataDrivenTesting_022"/>
  <testcase name="testDragAndDropElementByPixelXY" time="23.664" classname="com.STTA.testCases.TC_DragAndDropElementByPixelXY_026"/>
</testsuite> <!--  Ecommerce Application Test  -->
