<?xml version="1.0" encoding="UTF-8"?>
<!-- Generated by org.testng.reporters.JUnitXMLReporter -->
<testsuite hostname="System" ignored="0" name=" Ecommerce Application Test " tests="25" failures="0" timestamp="14 Apr 2020 09:02:45 GMT" time="273.547" errors="0">
  <testcase name="testdragAndDrop" time="6.545" classname="com.STTA.testCases.TC_DragAndDropAnElement_001"/>
  <testcase name="LogIn_Test" time="5.482" classname="com.STTA.testCases.TC_DataproviderDDT_002"/>
  <testcase name="LogIn_Test" time="4.41" classname="com.STTA.testCases.TC_DataproviderDDT_002"/>
  <testcase name="LogIn_Test" time="4.656" classname="com.STTA.testCases.TC_DataproviderDDT_002"/>
  <testcase name="LogIn_Test" time="4.79" classname="com.STTA.testCases.TC_DataproviderDDT_002"/>
  <testcase name="testCal" time="4.653" classname="com.STTA.testCases.TC_IEBrowserSampleTest_003"/>
  <testcase name="testCheckbox" time="2.386" classname="com.STTA.testCases.TC_HandleCheckbox_004"/>
  <testcase name="testmethodone" time="1.329" classname="com.STTA.testCases.TC_HandleCheckbox_004"/>
  <testcase name="testBrowsercmds" time="13.537" classname="com.STTA.testCases.TC_NavigationCommands_005"/>
  <testcase name="testCaptureScreenshot" time="3.11" classname="com.STTA.testCases.TC_CaptureScreenShot_008"/>
  <testcase name="testGeneratingMouseHoverEventOnMainMenuToClickOnSubMenu" time="4.924" classname="com.STTA.testCases.TC_GeneratingMouseHoverEventOnMainMenuToClickOnSubMenu_009"/>
  <testcase name="testHandlingJSAlerts" time="16.963" classname="com.STTA.testCases.TC_HandlingJSAlerts_012"/>
  <testcase name="testHighlightElement" time="13.834" classname="com.STTA.testCases.TC_HighlightElement_013"/>
  <testcase name="testReadingFontProperties" time="3.249" classname="com.STTA.testCases.TC_ReadingFontProperties_014"/>
  <testcase name="testDiffBetFindElementAndFindElements" time="2.54" classname="com.STTA.testCases.TC_DiffBetFindElementAndFindElements_015"/>
  <testcase name="testDiffBetClickAndSubmit" time="7.959" classname="com.STTA.testCases.TC_DiifBetweenSubmitAndClick_007"/>
  <testcase name="testObjectRepositoryUsingPropertiesFile" time="7.95" classname="com.STTA.testCases.TC_ObjectRepositoryUsingPropertiesFile_016"/>
  <testcase name="testGetOrExtractAllLinksFromWebPage" time="3.842" classname="com.STTA.testCases.TC_GetOrExtractAllLinksFromWebPage_017"/>
  <testcase name="testExtractingAllTextFieldsFromWebPage" time="7.231" classname="com.STTA.testCases.TC_ExtractingAllTextFieldsFromWebPage_018"/>
  <testcase name="testMethod" time="0.0" classname="com.STTA.testCases.TC_ExtractingAllTextFieldsFromWebPage_018"/>
  <testcase name="testExtractOrReadTableData" time="9.861" classname="com.STTA.testCases.TC_ExtractOrReadTableData_19"/>
  <testcase name="testmethodone" time="1.195" classname="com.STTA.testCases.TC_ExtractOrReadTableData_19"/>
  <testcase name="testHandleDynamicWebTable" time="8.047" classname="com.STTA.testCases.TC_HandleDynamicWebTable_020"/>
  <testcase name="testDDTorParameterization" time="34.236" classname="com.STTA.testCases.TC_ParameterizationOrDataDrivenTesting_022"/>
  <testcase name="testDragAndDropElementByPixelXY" time="20.333" classname="com.STTA.testCases.TC_DragAndDropElementByPixelXY_026"/>
</testsuite> <!--  Ecommerce Application Test  -->
