<?xml version="1.0" encoding="UTF-8"?>
<testsuite name="TestSuite" time="228.674" tests="27" errors="0" skipped="0" failures="0">
  <properties>
[...]
</properties>
  <testcase name="testdragAndDrop" classname="com.STTA.testCases.TC_DragAndDropAnElement_001" time="11.889"/>
  <testcase name="LogIn_Test" classname="com.STTA.testCases.TC_DataproviderDDT_002" time="7.291"/>
  <testcase name="LogIn_Test" classname="com.STTA.testCases.TC_DataproviderDDT_002" time="5.352"/>
  <testcase name="LogIn_Test" classname="com.STTA.testCases.TC_DataproviderDDT_002" time="4.574"/>
  <testcase name="LogIn_Test" classname="com.STTA.testCases.TC_DataproviderDDT_002" time="5.358"/>
  <testcase name="testCal" classname="com.STTA.testCases.TC_IEBrowserSampleTest_003" time="4.494"/>
  <testcase name="testCheckbox" classname="com.STTA.testCases.TC_HandleCheckbox_004" time="8.903"/>
  <testcase name="testmethodone" classname="com.STTA.testCases.TC_HandleCheckbox_004" time="3.359"/>
  <testcase name="testBrowsercmds" classname="com.STTA.testCases.TC_NavigationCommands_005" time="18.264"/>
  <testcase name="testCaptureScreenshot" classname="com.STTA.testCases.TC_CaptureScreenShot_008" time="4.412"/>
  <testcase name="testGeneratingMouseHoverEventOnMainMenuToClickOnSubMenu" classname="com.STTA.testCases.TC_GeneratingMouseHoverEventOnMainMenuToClickOnSubMenu_009" time="7.163"/>
  <testcase name="testHandlingMultipleBrowserWindows" classname="com.STTA.testCases.TC_HandlingMultipleBrowserWindows_010" time="30.136"/>
  <testcase name="testHandlingJSAlerts" classname="com.STTA.testCases.TC_HandlingJSAlerts_012" time="12.416"/>
  <testcase name="testHighlightElement" classname="com.STTA.testCases.TC_HighlightElement_013" time="14.787"/>
  <testcase name="testReadingFontProperties" classname="com.STTA.testCases.TC_ReadingFontProperties_014" time="3.355"/>
  <testcase name="testDiffBetFindElementAndFindElements" classname="com.STTA.testCases.TC_DiffBetFindElementAndFindElements_015" time="6.523"/>
  <testcase name="testDiffBetClickAndSubmit" classname="com.STTA.testCases.TC_DiifBetweenSubmitAndClick_007" time="7.58"/>
  <testcase name="testObjectRepositoryUsingPropertiesFile" classname="com.STTA.testCases.TC_ObjectRepositoryUsingPropertiesFile_016" time="5.23"/>
  <testcase name="testGetOrExtractAllLinksFromWebPage" classname="com.STTA.testCases.TC_GetOrExtractAllLinksFromWebPage_017" time="6.616"/>
  <testcase name="testExtractingAllTextFieldsFromWebPage" classname="com.STTA.testCases.TC_ExtractingAllTextFieldsFromWebPage_018" time="9.012"/>
  <testcase name="testMethod" classname="com.STTA.testCases.TC_ExtractingAllTextFieldsFromWebPage_018" time="0"/>
  <testcase name="testExtractOrReadTableData" classname="com.STTA.testCases.TC_ExtractOrReadTableData_19" time="5.299"/>
  <testcase name="testmethodone" classname="com.STTA.testCases.TC_ExtractOrReadTableData_19" time="2.78"/>
  <testcase name="testHandleDynamicWebTable" classname="com.STTA.testCases.TC_HandleDynamicWebTable_020" time="4.511"/>
  <testcase name="testDDTorParameterization" classname="com.STTA.testCases.TC_ParameterizationOrDataDrivenTesting_022" time="20.691"/>
  <testcase name="testDragAndDropElementByPixelXY" classname="com.STTA.testCases.TC_DragAndDropElementByPixelXY_026" time="25.388"/>
  <testcase name="testAlertPopUpHandleNaveen" classname="com.STTA.testCases.TC_AlertPopUpHandleNaveen_027" time="8.575"/>
</testsuite>