<?xml version="1.0" encoding="UTF-8"?>
<testng-results skipped="0" failed="0" ignored="0" total="26" passed="26">
  <reporter-output>
  </reporter-output>
  <suite name="SoftwareTestingTutorialsandAutomation" duration-ms="389003" started-at="2020-04-14T15:14:32Z" finished-at="2020-04-14T15:21:01Z">
    <groups>
    </groups>
    <test name=" Ecommerce Application Test " duration-ms="389003" started-at="2020-04-14T15:14:32Z" finished-at="2020-04-14T15:21:01Z">
      <class name="com.STTA.testCases.TC_GetOrExtractAllLinksFromWebPage_017">
        <test-method status="PASS" signature="setUp(java.lang.String)[pri:0, instance:com.STTA.testCases.TC_GetOrExtractAllLinksFromWebPage_017@17d0685f]" name="setUp" is-config="true" duration-ms="1664" started-at="2020-04-14T15:18:55Z" finished-at="2020-04-14T15:18:57Z">
          <params>
            <param index="0">
              <value>
                <![CDATA[ie]]>
              </value>
            </param>
          </params>
          <reporter-output>
          </reporter-output>
        </test-method> <!-- setUp -->
        <test-method status="PASS" signature="testGetOrExtractAllLinksFromWebPage()[pri:0, instance:com.STTA.testCases.TC_GetOrExtractAllLinksFromWebPage_017@17d0685f]" name="testGetOrExtractAllLinksFromWebPage" duration-ms="11393" started-at="2020-04-14T15:18:57Z" finished-at="2020-04-14T15:19:08Z">
          <reporter-output>
          </reporter-output>
        </test-method> <!-- testGetOrExtractAllLinksFromWebPage -->
        <test-method status="PASS" signature="tearDown()[pri:0, instance:com.STTA.testCases.TC_GetOrExtractAllLinksFromWebPage_017@17d0685f]" name="tearDown" is-config="true" duration-ms="563" started-at="2020-04-14T15:19:08Z" finished-at="2020-04-14T15:19:09Z">
          <reporter-output>
          </reporter-output>
        </test-method> <!-- tearDown -->
      </class> <!-- com.STTA.testCases.TC_GetOrExtractAllLinksFromWebPage_017 -->
      <class name="com.STTA.testCases.TC_DataproviderDDT_002">
        <test-method status="PASS" signature="setUp(java.lang.String)[pri:0, instance:com.STTA.testCases.TC_DataproviderDDT_002@4e718207]" name="setUp" is-config="true" duration-ms="3377" started-at="2020-04-14T15:15:07Z" finished-at="2020-04-14T15:15:11Z">
          <params>
            <param index="0">
              <value>
                <![CDATA[ie]]>
              </value>
            </param>
          </params>
          <reporter-output>
          </reporter-output>
        </test-method> <!-- setUp -->
        <test-method status="PASS" signature="LogIn_Test(java.lang.String, java.lang.String)[pri:0, instance:com.STTA.testCases.TC_DataproviderDDT_002@4e718207]" name="LogIn_Test" duration-ms="10832" started-at="2020-04-14T15:15:11Z" data-provider="LoginCredentials" finished-at="2020-04-14T15:15:22Z">
          <params>
            <param index="0">
              <value>
                <![CDATA[UserId1]]>
              </value>
            </param>
            <param index="1">
              <value>
                <![CDATA[Pass1]]>
              </value>
            </param>
          </params>
          <reporter-output>
          </reporter-output>
        </test-method> <!-- LogIn_Test -->
        <test-method status="PASS" signature="LogIn_Test(java.lang.String, java.lang.String)[pri:0, instance:com.STTA.testCases.TC_DataproviderDDT_002@4e718207]" name="LogIn_Test" duration-ms="7497" started-at="2020-04-14T15:15:22Z" data-provider="LoginCredentials" finished-at="2020-04-14T15:15:29Z">
          <params>
            <param index="0">
              <value>
                <![CDATA[UserId2]]>
              </value>
            </param>
            <param index="1">
              <value>
                <![CDATA[Pass2]]>
              </value>
            </param>
          </params>
          <reporter-output>
          </reporter-output>
        </test-method> <!-- LogIn_Test -->
        <test-method status="PASS" signature="LogIn_Test(java.lang.String, java.lang.String)[pri:0, instance:com.STTA.testCases.TC_DataproviderDDT_002@4e718207]" name="LogIn_Test" duration-ms="7479" started-at="2020-04-14T15:15:29Z" data-provider="LoginCredentials" finished-at="2020-04-14T15:15:37Z">
          <params>
            <param index="0">
              <value>
                <![CDATA[UserId3]]>
              </value>
            </param>
            <param index="1">
              <value>
                <![CDATA[Pass3]]>
              </value>
            </param>
          </params>
          <reporter-output>
          </reporter-output>
        </test-method> <!-- LogIn_Test -->
        <test-method status="PASS" signature="LogIn_Test(java.lang.String, java.lang.String)[pri:0, instance:com.STTA.testCases.TC_DataproviderDDT_002@4e718207]" name="LogIn_Test" duration-ms="7364" started-at="2020-04-14T15:15:37Z" data-provider="LoginCredentials" finished-at="2020-04-14T15:15:44Z">
          <params>
            <param index="0">
              <value>
                <![CDATA[UserId4]]>
              </value>
            </param>
            <param index="1">
              <value>
                <![CDATA[Pass4]]>
              </value>
            </param>
          </params>
          <reporter-output>
          </reporter-output>
        </test-method> <!-- LogIn_Test -->
        <test-method status="PASS" signature="tearDown()[pri:0, instance:com.STTA.testCases.TC_DataproviderDDT_002@4e718207]" name="tearDown" is-config="true" duration-ms="710" started-at="2020-04-14T15:15:44Z" finished-at="2020-04-14T15:15:45Z">
          <reporter-output>
          </reporter-output>
        </test-method> <!-- tearDown -->
      </class> <!-- com.STTA.testCases.TC_DataproviderDDT_002 -->
      <class name="com.STTA.testCases.TC_ObjectRepositoryUsingPropertiesFile_016">
        <test-method status="PASS" signature="setUp(java.lang.String)[pri:0, instance:com.STTA.testCases.TC_ObjectRepositoryUsingPropertiesFile_016@22eeefeb]" name="setUp" is-config="true" duration-ms="1683" started-at="2020-04-14T15:18:41Z" finished-at="2020-04-14T15:18:43Z">
          <params>
            <param index="0">
              <value>
                <![CDATA[ie]]>
              </value>
            </param>
          </params>
          <reporter-output>
          </reporter-output>
        </test-method> <!-- setUp -->
        <test-method status="PASS" signature="testObjectRepositoryUsingPropertiesFile()[pri:0, instance:com.STTA.testCases.TC_ObjectRepositoryUsingPropertiesFile_016@22eeefeb]" name="testObjectRepositoryUsingPropertiesFile" duration-ms="11787" started-at="2020-04-14T15:18:43Z" finished-at="2020-04-14T15:18:55Z">
          <reporter-output>
          </reporter-output>
        </test-method> <!-- testObjectRepositoryUsingPropertiesFile -->
        <test-method status="PASS" signature="tearDown()[pri:0, instance:com.STTA.testCases.TC_ObjectRepositoryUsingPropertiesFile_016@22eeefeb]" name="tearDown" is-config="true" duration-ms="634" started-at="2020-04-14T15:18:55Z" finished-at="2020-04-14T15:18:55Z">
          <reporter-output>
          </reporter-output>
        </test-method> <!-- tearDown -->
      </class> <!-- com.STTA.testCases.TC_ObjectRepositoryUsingPropertiesFile_016 -->
      <class name="com.STTA.testCases.TC_ExtractOrReadTableData_19">
        <test-method status="PASS" signature="setUp(java.lang.String)[pri:0, instance:com.STTA.testCases.TC_ExtractOrReadTableData_19@78ac1102]" name="setUp" is-config="true" duration-ms="1722" started-at="2020-04-14T15:19:21Z" finished-at="2020-04-14T15:19:23Z">
          <params>
            <param index="0">
              <value>
                <![CDATA[ie]]>
              </value>
            </param>
          </params>
          <reporter-output>
          </reporter-output>
        </test-method> <!-- setUp -->
        <test-method status="PASS" signature="testExtractOrReadTableData()[pri:0, instance:com.STTA.testCases.TC_ExtractOrReadTableData_19@78ac1102]" name="testExtractOrReadTableData" duration-ms="9410" started-at="2020-04-14T15:19:23Z" finished-at="2020-04-14T15:19:33Z">
          <reporter-output>
          </reporter-output>
        </test-method> <!-- testExtractOrReadTableData -->
        <test-method status="PASS" signature="testmethodone()[pri:0, instance:com.STTA.testCases.TC_ExtractOrReadTableData_19@78ac1102]" name="testmethodone" duration-ms="1448" started-at="2020-04-14T15:19:33Z" finished-at="2020-04-14T15:19:34Z">
          <reporter-output>
          </reporter-output>
        </test-method> <!-- testmethodone -->
        <test-method status="PASS" signature="tearDown()[pri:0, instance:com.STTA.testCases.TC_ExtractOrReadTableData_19@78ac1102]" name="tearDown" is-config="true" duration-ms="639" started-at="2020-04-14T15:19:34Z" finished-at="2020-04-14T15:19:35Z">
          <reporter-output>
          </reporter-output>
        </test-method> <!-- tearDown -->
      </class> <!-- com.STTA.testCases.TC_ExtractOrReadTableData_19 -->
      <class name="com.STTA.testCases.TC_HandlingMultipleBrowserWindows_010">
        <test-method status="PASS" signature="setUp(java.lang.String)[pri:0, instance:com.STTA.testCases.TC_HandlingMultipleBrowserWindows_010@43738a82]" name="setUp" is-config="true" duration-ms="1849" started-at="2020-04-14T15:16:48Z" finished-at="2020-04-14T15:16:50Z">
          <params>
            <param index="0">
              <value>
                <![CDATA[ie]]>
              </value>
            </param>
          </params>
          <reporter-output>
          </reporter-output>
        </test-method> <!-- setUp -->
        <test-method status="PASS" signature="testHandlingMultipleBrowserWindows()[pri:0, instance:com.STTA.testCases.TC_HandlingMultipleBrowserWindows_010@43738a82]" name="testHandlingMultipleBrowserWindows" duration-ms="40626" started-at="2020-04-14T15:16:50Z" finished-at="2020-04-14T15:17:30Z">
          <reporter-output>
          </reporter-output>
        </test-method> <!-- testHandlingMultipleBrowserWindows -->
        <test-method status="PASS" signature="tearDown()[pri:0, instance:com.STTA.testCases.TC_HandlingMultipleBrowserWindows_010@43738a82]" name="tearDown" is-config="true" duration-ms="685" started-at="2020-04-14T15:17:30Z" finished-at="2020-04-14T15:17:31Z">
          <reporter-output>
          </reporter-output>
        </test-method> <!-- tearDown -->
      </class> <!-- com.STTA.testCases.TC_HandlingMultipleBrowserWindows_010 -->
      <class name="com.STTA.testCases.TC_CaptureScreenShot_008">
        <test-method status="PASS" signature="setUp(java.lang.String)[pri:0, instance:com.STTA.testCases.TC_CaptureScreenShot_008@51c8530f]" name="setUp" is-config="true" duration-ms="4311" started-at="2020-04-14T15:16:32Z" finished-at="2020-04-14T15:16:36Z">
          <params>
            <param index="0">
              <value>
                <![CDATA[ie]]>
              </value>
            </param>
          </params>
          <reporter-output>
          </reporter-output>
        </test-method> <!-- setUp -->
        <test-method status="PASS" signature="testCaptureScreenshot()[pri:0, instance:com.STTA.testCases.TC_CaptureScreenShot_008@51c8530f]" name="testCaptureScreenshot" duration-ms="3931" started-at="2020-04-14T15:16:36Z" finished-at="2020-04-14T15:16:40Z">
          <reporter-output>
          </reporter-output>
        </test-method> <!-- testCaptureScreenshot -->
        <test-method status="PASS" signature="tearDown()[pri:0, instance:com.STTA.testCases.TC_CaptureScreenShot_008@51c8530f]" name="tearDown" is-config="true" duration-ms="535" started-at="2020-04-14T15:16:40Z" finished-at="2020-04-14T15:16:41Z">
          <reporter-output>
          </reporter-output>
        </test-method> <!-- tearDown -->
      </class> <!-- com.STTA.testCases.TC_CaptureScreenShot_008 -->
      <class name="com.STTA.testCases.TC_GeneratingMouseHoverEventOnMainMenuToClickOnSubMenu_009">
        <test-method status="PASS" signature="setUp(java.lang.String)[pri:0, instance:com.STTA.testCases.TC_GeneratingMouseHoverEventOnMainMenuToClickOnSubMenu_009@7403c468]" name="setUp" is-config="true" duration-ms="2125" started-at="2020-04-14T15:16:41Z" finished-at="2020-04-14T15:16:43Z">
          <params>
            <param index="0">
              <value>
                <![CDATA[ie]]>
              </value>
            </param>
          </params>
          <reporter-output>
          </reporter-output>
        </test-method> <!-- setUp -->
        <test-method status="PASS" signature="testGeneratingMouseHoverEventOnMainMenuToClickOnSubMenu()[pri:0, instance:com.STTA.testCases.TC_GeneratingMouseHoverEventOnMainMenuToClickOnSubMenu_009@7403c468]" name="testGeneratingMouseHoverEventOnMainMenuToClickOnSubMenu" duration-ms="4463" started-at="2020-04-14T15:16:43Z" finished-at="2020-04-14T15:16:47Z">
          <reporter-output>
          </reporter-output>
        </test-method> <!-- testGeneratingMouseHoverEventOnMainMenuToClickOnSubMenu -->
        <test-method status="PASS" signature="tearDown()[pri:0, instance:com.STTA.testCases.TC_GeneratingMouseHoverEventOnMainMenuToClickOnSubMenu_009@7403c468]" name="tearDown" is-config="true" duration-ms="828" started-at="2020-04-14T15:16:47Z" finished-at="2020-04-14T15:16:48Z">
          <reporter-output>
          </reporter-output>
        </test-method> <!-- tearDown -->
      </class> <!-- com.STTA.testCases.TC_GeneratingMouseHoverEventOnMainMenuToClickOnSubMenu_009 -->
      <class name="com.STTA.testCases.TC_IEBrowserSampleTest_003">
        <test-method status="PASS" signature="setUp(java.lang.String)[pri:0, instance:com.STTA.testCases.TC_IEBrowserSampleTest_003@1d371b2d]" name="setUp" is-config="true" duration-ms="2546" started-at="2020-04-14T15:15:45Z" finished-at="2020-04-14T15:15:47Z">
          <params>
            <param index="0">
              <value>
                <![CDATA[ie]]>
              </value>
            </param>
          </params>
          <reporter-output>
          </reporter-output>
        </test-method> <!-- setUp -->
        <test-method status="PASS" signature="testCal()[pri:0, instance:com.STTA.testCases.TC_IEBrowserSampleTest_003@1d371b2d]" name="testCal" duration-ms="5947" started-at="2020-04-14T15:15:47Z" finished-at="2020-04-14T15:15:53Z">
          <reporter-output>
          </reporter-output>
        </test-method> <!-- testCal -->
        <test-method status="PASS" signature="tearDown()[pri:0, instance:com.STTA.testCases.TC_IEBrowserSampleTest_003@1d371b2d]" name="tearDown" is-config="true" duration-ms="540" started-at="2020-04-14T15:15:53Z" finished-at="2020-04-14T15:15:54Z">
          <reporter-output>
          </reporter-output>
        </test-method> <!-- tearDown -->
      </class> <!-- com.STTA.testCases.TC_IEBrowserSampleTest_003 -->
      <class name="com.STTA.testCases.TC_HandleCheckbox_004">
        <test-method status="PASS" signature="setUp(java.lang.String)[pri:0, instance:com.STTA.testCases.TC_HandleCheckbox_004@543c6f6d]" name="setUp" is-config="true" duration-ms="2775" started-at="2020-04-14T15:15:54Z" finished-at="2020-04-14T15:15:56Z">
          <params>
            <param index="0">
              <value>
                <![CDATA[ie]]>
              </value>
            </param>
          </params>
          <reporter-output>
          </reporter-output>
        </test-method> <!-- setUp -->
        <test-method status="PASS" signature="testCheckbox()[pri:0, instance:com.STTA.testCases.TC_HandleCheckbox_004@543c6f6d]" name="testCheckbox" duration-ms="3683" started-at="2020-04-14T15:15:56Z" finished-at="2020-04-14T15:16:00Z">
          <reporter-output>
          </reporter-output>
        </test-method> <!-- testCheckbox -->
        <test-method status="PASS" signature="testmethodone()[pri:0, instance:com.STTA.testCases.TC_HandleCheckbox_004@543c6f6d]" name="testmethodone" duration-ms="1478" started-at="2020-04-14T15:16:00Z" finished-at="2020-04-14T15:16:02Z">
          <reporter-output>
          </reporter-output>
        </test-method> <!-- testmethodone -->
        <test-method status="PASS" signature="tearDown()[pri:0, instance:com.STTA.testCases.TC_HandleCheckbox_004@543c6f6d]" name="tearDown" is-config="true" duration-ms="659" started-at="2020-04-14T15:16:02Z" finished-at="2020-04-14T15:16:02Z">
          <reporter-output>
          </reporter-output>
        </test-method> <!-- tearDown -->
      </class> <!-- com.STTA.testCases.TC_HandleCheckbox_004 -->
      <class name="com.STTA.testCases.TC_HandlingJSAlerts_012">
        <test-method status="PASS" signature="setUp(java.lang.String)[pri:0, instance:com.STTA.testCases.TC_HandlingJSAlerts_012@c81cdd1]" name="setUp" is-config="true" duration-ms="1877" started-at="2020-04-14T15:17:31Z" finished-at="2020-04-14T15:17:33Z">
          <params>
            <param index="0">
              <value>
                <![CDATA[ie]]>
              </value>
            </param>
          </params>
          <reporter-output>
          </reporter-output>
        </test-method> <!-- setUp -->
        <test-method status="PASS" signature="testHandlingJSAlerts()[pri:0, instance:com.STTA.testCases.TC_HandlingJSAlerts_012@c81cdd1]" name="testHandlingJSAlerts" duration-ms="16602" started-at="2020-04-14T15:17:33Z" finished-at="2020-04-14T15:17:50Z">
          <reporter-output>
          </reporter-output>
        </test-method> <!-- testHandlingJSAlerts -->
        <test-method status="PASS" signature="tearDown()[pri:0, instance:com.STTA.testCases.TC_HandlingJSAlerts_012@c81cdd1]" name="tearDown" is-config="true" duration-ms="635" started-at="2020-04-14T15:17:50Z" finished-at="2020-04-14T15:17:50Z">
          <reporter-output>
          </reporter-output>
        </test-method> <!-- tearDown -->
      </class> <!-- com.STTA.testCases.TC_HandlingJSAlerts_012 -->
      <class name="com.STTA.testCases.TC_ReadingFontProperties_014">
        <test-method status="PASS" signature="setUp(java.lang.String)[pri:0, instance:com.STTA.testCases.TC_ReadingFontProperties_014@75881071]" name="setUp" is-config="true" duration-ms="2357" started-at="2020-04-14T15:18:10Z" finished-at="2020-04-14T15:18:13Z">
          <params>
            <param index="0">
              <value>
                <![CDATA[ie]]>
              </value>
            </param>
          </params>
          <reporter-output>
          </reporter-output>
        </test-method> <!-- setUp -->
        <test-method status="PASS" signature="testReadingFontProperties()[pri:0, instance:com.STTA.testCases.TC_ReadingFontProperties_014@75881071]" name="testReadingFontProperties" duration-ms="3212" started-at="2020-04-14T15:18:13Z" finished-at="2020-04-14T15:18:16Z">
          <reporter-output>
          </reporter-output>
        </test-method> <!-- testReadingFontProperties -->
        <test-method status="PASS" signature="tearDown()[pri:0, instance:com.STTA.testCases.TC_ReadingFontProperties_014@75881071]" name="tearDown" is-config="true" duration-ms="631" started-at="2020-04-14T15:18:16Z" finished-at="2020-04-14T15:18:16Z">
          <reporter-output>
          </reporter-output>
        </test-method> <!-- tearDown -->
      </class> <!-- com.STTA.testCases.TC_ReadingFontProperties_014 -->
      <class name="com.STTA.testCases.TC_NavigationCommands_005">
        <test-method status="PASS" signature="setUp(java.lang.String)[pri:0, instance:com.STTA.testCases.TC_NavigationCommands_005@13eb8acf]" name="setUp" is-config="true" duration-ms="2476" started-at="2020-04-14T15:16:02Z" finished-at="2020-04-14T15:16:05Z">
          <params>
            <param index="0">
              <value>
                <![CDATA[ie]]>
              </value>
            </param>
          </params>
          <reporter-output>
          </reporter-output>
        </test-method> <!-- setUp -->
        <test-method status="PASS" signature="testBrowsercmds()[pri:0, instance:com.STTA.testCases.TC_NavigationCommands_005@13eb8acf]" name="testBrowsercmds" duration-ms="25547" started-at="2020-04-14T15:16:05Z" finished-at="2020-04-14T15:16:30Z">
          <reporter-output>
          </reporter-output>
        </test-method> <!-- testBrowsercmds -->
        <test-method status="PASS" signature="tearDown()[pri:0, instance:com.STTA.testCases.TC_NavigationCommands_005@13eb8acf]" name="tearDown" is-config="true" duration-ms="1419" started-at="2020-04-14T15:16:30Z" finished-at="2020-04-14T15:16:32Z">
          <reporter-output>
          </reporter-output>
        </test-method> <!-- tearDown -->
      </class> <!-- com.STTA.testCases.TC_NavigationCommands_005 -->
      <class name="com.STTA.testCases.TC_DragAndDropAnElement_001">
        <test-method status="PASS" signature="setUp(java.lang.String)[pri:0, instance:com.STTA.testCases.TC_DragAndDropAnElement_001@32eebfca]" name="setUp" is-config="true" duration-ms="22000" started-at="2020-04-14T15:14:34Z" finished-at="2020-04-14T15:14:56Z">
          <params>
            <param index="0">
              <value>
                <![CDATA[ie]]>
              </value>
            </param>
          </params>
          <reporter-output>
          </reporter-output>
        </test-method> <!-- setUp -->
        <test-method status="PASS" signature="testdragAndDrop()[pri:0, instance:com.STTA.testCases.TC_DragAndDropAnElement_001@32eebfca]" name="testdragAndDrop" duration-ms="10013" started-at="2020-04-14T15:14:56Z" finished-at="2020-04-14T15:15:06Z">
          <reporter-output>
          </reporter-output>
        </test-method> <!-- testdragAndDrop -->
        <test-method status="PASS" signature="tearDown()[pri:0, instance:com.STTA.testCases.TC_DragAndDropAnElement_001@32eebfca]" name="tearDown" is-config="true" duration-ms="1407" started-at="2020-04-14T15:15:06Z" finished-at="2020-04-14T15:15:07Z">
          <reporter-output>
          </reporter-output>
        </test-method> <!-- tearDown -->
      </class> <!-- com.STTA.testCases.TC_DragAndDropAnElement_001 -->
      <class name="com.STTA.testCases.TC_ExtractingAllTextFieldsFromWebPage_018">
        <test-method status="PASS" signature="setUp(java.lang.String)[pri:0, instance:com.STTA.testCases.TC_ExtractingAllTextFieldsFromWebPage_018@3891771e]" name="setUp" is-config="true" duration-ms="1723" started-at="2020-04-14T15:19:09Z" finished-at="2020-04-14T15:19:11Z">
          <params>
            <param index="0">
              <value>
                <![CDATA[ie]]>
              </value>
            </param>
          </params>
          <reporter-output>
          </reporter-output>
        </test-method> <!-- setUp -->
        <test-method status="PASS" signature="testExtractingAllTextFieldsFromWebPage()[pri:0, instance:com.STTA.testCases.TC_ExtractingAllTextFieldsFromWebPage_018@3891771e]" name="testExtractingAllTextFieldsFromWebPage" duration-ms="10277" started-at="2020-04-14T15:19:11Z" finished-at="2020-04-14T15:19:21Z">
          <reporter-output>
          </reporter-output>
        </test-method> <!-- testExtractingAllTextFieldsFromWebPage -->
        <test-method status="PASS" signature="testMethod()[pri:0, instance:com.STTA.testCases.TC_ExtractingAllTextFieldsFromWebPage_018@3891771e]" name="testMethod" duration-ms="3" started-at="2020-04-14T15:19:21Z" finished-at="2020-04-14T15:19:21Z">
          <reporter-output>
          </reporter-output>
        </test-method> <!-- testMethod -->
        <test-method status="PASS" signature="tearDown()[pri:0, instance:com.STTA.testCases.TC_ExtractingAllTextFieldsFromWebPage_018@3891771e]" name="tearDown" is-config="true" duration-ms="545" started-at="2020-04-14T15:19:21Z" finished-at="2020-04-14T15:19:21Z">
          <reporter-output>
          </reporter-output>
        </test-method> <!-- tearDown -->
      </class> <!-- com.STTA.testCases.TC_ExtractingAllTextFieldsFromWebPage_018 -->
      <class name="com.STTA.testCases.TC_DragAndDropElementByPixelXY_026">
        <test-method status="PASS" signature="setUp(java.lang.String)[pri:0, instance:com.STTA.testCases.TC_DragAndDropElementByPixelXY_026@a74868d]" name="setUp" is-config="true" duration-ms="1911" started-at="2020-04-14T15:20:35Z" finished-at="2020-04-14T15:20:37Z">
          <params>
            <param index="0">
              <value>
                <![CDATA[ie]]>
              </value>
            </param>
          </params>
          <reporter-output>
          </reporter-output>
        </test-method> <!-- setUp -->
        <test-method status="PASS" signature="testDragAndDropElementByPixelXY()[pri:0, instance:com.STTA.testCases.TC_DragAndDropElementByPixelXY_026@a74868d]" name="testDragAndDropElementByPixelXY" duration-ms="23664" started-at="2020-04-14T15:20:37Z" finished-at="2020-04-14T15:21:00Z">
          <reporter-output>
          </reporter-output>
        </test-method> <!-- testDragAndDropElementByPixelXY -->
        <test-method status="PASS" signature="tearDown()[pri:0, instance:com.STTA.testCases.TC_DragAndDropElementByPixelXY_026@a74868d]" name="tearDown" is-config="true" duration-ms="639" started-at="2020-04-14T15:21:00Z" finished-at="2020-04-14T15:21:01Z">
          <reporter-output>
          </reporter-output>
        </test-method> <!-- tearDown -->
      </class> <!-- com.STTA.testCases.TC_DragAndDropElementByPixelXY_026 -->
      <class name="com.STTA.testCases.TC_HighlightElement_013">
        <test-method status="PASS" signature="setUp(java.lang.String)[pri:0, instance:com.STTA.testCases.TC_HighlightElement_013@1fc2b765]" name="setUp" is-config="true" duration-ms="2125" started-at="2020-04-14T15:17:50Z" finished-at="2020-04-14T15:17:52Z">
          <params>
            <param index="0">
              <value>
                <![CDATA[ie]]>
              </value>
            </param>
          </params>
          <reporter-output>
          </reporter-output>
        </test-method> <!-- setUp -->
        <test-method status="PASS" signature="testHighlightElement()[pri:0, instance:com.STTA.testCases.TC_HighlightElement_013@1fc2b765]" name="testHighlightElement" duration-ms="17198" started-at="2020-04-14T15:17:52Z" finished-at="2020-04-14T15:18:10Z">
          <reporter-output>
          </reporter-output>
        </test-method> <!-- testHighlightElement -->
        <test-method status="PASS" signature="tearDown()[pri:0, instance:com.STTA.testCases.TC_HighlightElement_013@1fc2b765]" name="tearDown" is-config="true" duration-ms="633" started-at="2020-04-14T15:18:10Z" finished-at="2020-04-14T15:18:10Z">
          <reporter-output>
          </reporter-output>
        </test-method> <!-- tearDown -->
      </class> <!-- com.STTA.testCases.TC_HighlightElement_013 -->
      <class name="com.STTA.testCases.TC_DiifBetweenSubmitAndClick_007">
        <test-method status="PASS" signature="setUp(java.lang.String)[pri:0, instance:com.STTA.testCases.TC_DiifBetweenSubmitAndClick_007@289d1c02]" name="setUp" is-config="true" duration-ms="2193" started-at="2020-04-14T15:18:29Z" finished-at="2020-04-14T15:18:31Z">
          <params>
            <param index="0">
              <value>
                <![CDATA[ie]]>
              </value>
            </param>
          </params>
          <reporter-output>
          </reporter-output>
        </test-method> <!-- setUp -->
        <test-method status="PASS" signature="testDiffBetClickAndSubmit()[pri:0, instance:com.STTA.testCases.TC_DiifBetweenSubmitAndClick_007@289d1c02]" name="testDiffBetClickAndSubmit" duration-ms="9672" started-at="2020-04-14T15:18:31Z" finished-at="2020-04-14T15:18:41Z">
          <reporter-output>
          </reporter-output>
        </test-method> <!-- testDiffBetClickAndSubmit -->
        <test-method status="PASS" signature="tearDown()[pri:0, instance:com.STTA.testCases.TC_DiifBetweenSubmitAndClick_007@289d1c02]" name="tearDown" is-config="true" duration-ms="640" started-at="2020-04-14T15:18:41Z" finished-at="2020-04-14T15:18:41Z">
          <reporter-output>
          </reporter-output>
        </test-method> <!-- tearDown -->
      </class> <!-- com.STTA.testCases.TC_DiifBetweenSubmitAndClick_007 -->
      <class name="com.STTA.testCases.TC_ParameterizationOrDataDrivenTesting_022">
        <test-method status="PASS" signature="setUp(java.lang.String)[pri:0, instance:com.STTA.testCases.TC_ParameterizationOrDataDrivenTesting_022@396e2f39]" name="setUp" is-config="true" duration-ms="2422" started-at="2020-04-14T15:19:44Z" finished-at="2020-04-14T15:19:47Z">
          <params>
            <param index="0">
              <value>
                <![CDATA[ie]]>
              </value>
            </param>
          </params>
          <reporter-output>
          </reporter-output>
        </test-method> <!-- setUp -->
        <test-method status="PASS" signature="testDDTorParameterization()[pri:0, instance:com.STTA.testCases.TC_ParameterizationOrDataDrivenTesting_022@396e2f39]" name="testDDTorParameterization" duration-ms="47636" started-at="2020-04-14T15:19:47Z" finished-at="2020-04-14T15:20:34Z">
          <reporter-output>
          </reporter-output>
        </test-method> <!-- testDDTorParameterization -->
        <test-method status="PASS" signature="tearDown()[pri:0, instance:com.STTA.testCases.TC_ParameterizationOrDataDrivenTesting_022@396e2f39]" name="tearDown" is-config="true" duration-ms="637" started-at="2020-04-14T15:20:34Z" finished-at="2020-04-14T15:20:35Z">
          <reporter-output>
          </reporter-output>
        </test-method> <!-- tearDown -->
      </class> <!-- com.STTA.testCases.TC_ParameterizationOrDataDrivenTesting_022 -->
      <class name="com.STTA.testCases.TC_HandleDynamicWebTable_020">
        <test-method status="PASS" signature="setUp(java.lang.String)[pri:0, instance:com.STTA.testCases.TC_HandleDynamicWebTable_020@2de8284b]" name="setUp" is-config="true" duration-ms="1827" started-at="2020-04-14T15:19:35Z" finished-at="2020-04-14T15:19:37Z">
          <params>
            <param index="0">
              <value>
                <![CDATA[ie]]>
              </value>
            </param>
          </params>
          <reporter-output>
          </reporter-output>
        </test-method> <!-- setUp -->
        <test-method status="PASS" signature="testHandleDynamicWebTable()[pri:0, instance:com.STTA.testCases.TC_HandleDynamicWebTable_020@2de8284b]" name="testHandleDynamicWebTable" duration-ms="7020" started-at="2020-04-14T15:19:37Z" finished-at="2020-04-14T15:19:44Z">
          <reporter-output>
          </reporter-output>
        </test-method> <!-- testHandleDynamicWebTable -->
        <test-method status="PASS" signature="tearDown()[pri:0, instance:com.STTA.testCases.TC_HandleDynamicWebTable_020@2de8284b]" name="tearDown" is-config="true" duration-ms="649" started-at="2020-04-14T15:19:44Z" finished-at="2020-04-14T15:19:44Z">
          <reporter-output>
          </reporter-output>
        </test-method> <!-- tearDown -->
      </class> <!-- com.STTA.testCases.TC_HandleDynamicWebTable_020 -->
      <class name="com.STTA.testCases.TC_DiffBetFindElementAndFindElements_015">
        <test-method status="PASS" signature="setUp(java.lang.String)[pri:0, instance:com.STTA.testCases.TC_DiffBetFindElementAndFindElements_015@2a70a3d8]" name="setUp" is-config="true" duration-ms="1691" started-at="2020-04-14T15:18:16Z" finished-at="2020-04-14T15:18:18Z">
          <params>
            <param index="0">
              <value>
                <![CDATA[ie]]>
              </value>
            </param>
          </params>
          <reporter-output>
          </reporter-output>
        </test-method> <!-- setUp -->
        <test-method status="PASS" signature="testDiffBetFindElementAndFindElements()[pri:0, instance:com.STTA.testCases.TC_DiffBetFindElementAndFindElements_015@2a70a3d8]" name="testDiffBetFindElementAndFindElements" duration-ms="9915" started-at="2020-04-14T15:18:18Z" finished-at="2020-04-14T15:18:28Z">
          <reporter-output>
          </reporter-output>
        </test-method> <!-- testDiffBetFindElementAndFindElements -->
        <test-method status="PASS" signature="tearDown()[pri:0, instance:com.STTA.testCases.TC_DiffBetFindElementAndFindElements_015@2a70a3d8]" name="tearDown" is-config="true" duration-ms="655" started-at="2020-04-14T15:18:28Z" finished-at="2020-04-14T15:18:29Z">
          <reporter-output>
          </reporter-output>
        </test-method> <!-- tearDown -->
      </class> <!-- com.STTA.testCases.TC_DiffBetFindElementAndFindElements_015 -->
    </test> <!--  Ecommerce Application Test  -->
  </suite> <!-- SoftwareTestingTutorialsandAutomation -->
</testng-results>
