<?xml version="1.0" encoding="UTF-8"?>
<testng-results skipped="0" failed="1" ignored="0" total="3" passed="2">
  <reporter-output>
  </reporter-output>
  <suite name="SoftwareTestingTutorialsandAutomation" duration-ms="100075" started-at="2020-07-01T05:04:14Z" finished-at="2020-07-01T05:05:54Z">
    <groups>
    </groups>
    <test name=" Ecommerce Application Test " duration-ms="100075" started-at="2020-07-01T05:04:14Z" finished-at="2020-07-01T05:05:54Z">
      <class name="com.STTA.testCases.TC_GetHeightAndWidthOfElement_033">
        <test-method status="PASS" signature="setUp(java.lang.String)[pri:0, instance:com.STTA.testCases.TC_GetHeightAndWidthOfElement_033@e25b2fe]" name="setUp" is-config="true" duration-ms="10537" started-at="2020-07-01T05:04:52Z" finished-at="2020-07-01T05:05:03Z">
          <params>
            <param index="0">
              <value>
                <![CDATA[chrome]]>
              </value>
            </param>
          </params>
          <reporter-output>
          </reporter-output>
        </test-method> <!-- setUp -->
        <test-method status="PASS" signature="testGetHeightAndWidthOfElement()[pri:0, instance:com.STTA.testCases.TC_GetHeightAndWidthOfElement_033@e25b2fe]" name="testGetHeightAndWidthOfElement" duration-ms="5101" started-at="2020-07-01T05:05:03Z" finished-at="2020-07-01T05:05:08Z">
          <reporter-output>
          </reporter-output>
        </test-method> <!-- testGetHeightAndWidthOfElement -->
        <test-method status="PASS" signature="tearDown()[pri:0, instance:com.STTA.testCases.TC_GetHeightAndWidthOfElement_033@e25b2fe]" name="tearDown" is-config="true" duration-ms="1326" started-at="2020-07-01T05:05:08Z" finished-at="2020-07-01T05:05:09Z">
          <reporter-output>
          </reporter-output>
        </test-method> <!-- tearDown -->
      </class> <!-- com.STTA.testCases.TC_GetHeightAndWidthOfElement_033 -->
      <class name="com.STTA.testCases.TC_HighlightElement_013">
        <test-method status="PASS" signature="setUp(java.lang.String)[pri:0, instance:com.STTA.testCases.TC_HighlightElement_013@204f30ec]" name="setUp" is-config="true" duration-ms="23326" started-at="2020-07-01T05:04:15Z" finished-at="2020-07-01T05:04:38Z">
          <params>
            <param index="0">
              <value>
                <![CDATA[chrome]]>
              </value>
            </param>
          </params>
          <reporter-output>
          </reporter-output>
        </test-method> <!-- setUp -->
        <test-method status="FAIL" signature="testHighlightElement()[pri:0, instance:com.STTA.testCases.TC_HighlightElement_013@204f30ec]" name="testHighlightElement" duration-ms="12745" started-at="2020-07-01T05:04:38Z" finished-at="2020-07-01T05:04:51Z">
          <exception class="org.openqa.selenium.NoSuchElementException">
            <message>
              <![CDATA[no such element: Unable to locate element: {"method":"name","selector":"fname"}
  (Session info: chrome=83.0.4103.116)
  (Driver info: chromedriver=2.44.609538 (b655c5a60b0b544917107a59d4153d4bf78e1b90),platform=Windows NT 10.0.18362 x86_64) (WARNING: The server did not provide any stacktrace information)
Command duration or timeout: 0 milliseconds
For documentation on this error, please visit: http://seleniumhq.org/exceptions/no_such_element.html
Build info: version: '3.14.0', revision: 'aacccce0', time: '2018-08-02T20:19:58.91Z'
System info: host: 'SYSTEM', ip: '10.17.5.137', os.name: 'Windows 10', os.arch: 'amd64', os.version: '10.0', java.version: '1.8.0_241'
Driver info: org.openqa.selenium.chrome.ChromeDriver
Capabilities {acceptInsecureCerts: false, acceptSslCerts: false, applicationCacheEnabled: false, browserConnectionEnabled: false, browserName: chrome, chrome: {chromedriverVersion: 2.44.609538 (b655c5a60b0b54..., userDataDir: C:\Users\VENKAT~1\AppData\L...}, cssSelectorsEnabled: true, databaseEnabled: false, goog:chromeOptions: {debuggerAddress: localhost:63026}, handlesAlerts: true, hasTouchScreen: false, javascriptEnabled: true, locationContextEnabled: true, mobileEmulationEnabled: false, nativeEvents: true, networkConnectionEnabled: false, pageLoadStrategy: normal, platform: XP, platformName: XP, rotatable: false, setWindowRect: true, takesHeapSnapshot: true, takesScreenshot: true, unexpectedAlertBehaviour: ignore, unhandledPromptBehavior: ignore, version: 83.0.4103.116, webStorageEnabled: true}
Session ID: 0c500e0eeead520193349c82171d3d2a
*** Element info: {Using=name, value=fname}]]>
            </message>
            <full-stacktrace>
              <![CDATA[org.openqa.selenium.NoSuchElementException: no such element: Unable to locate element: {"method":"name","selector":"fname"}
  (Session info: chrome=83.0.4103.116)
  (Driver info: chromedriver=2.44.609538 (b655c5a60b0b544917107a59d4153d4bf78e1b90),platform=Windows NT 10.0.18362 x86_64) (WARNING: The server did not provide any stacktrace information)
Command duration or timeout: 0 milliseconds
For documentation on this error, please visit: http://seleniumhq.org/exceptions/no_such_element.html
Build info: version: '3.14.0', revision: 'aacccce0', time: '2018-08-02T20:19:58.91Z'
System info: host: 'SYSTEM', ip: '10.17.5.137', os.name: 'Windows 10', os.arch: 'amd64', os.version: '10.0', java.version: '1.8.0_241'
Driver info: org.openqa.selenium.chrome.ChromeDriver
Capabilities {acceptInsecureCerts: false, acceptSslCerts: false, applicationCacheEnabled: false, browserConnectionEnabled: false, browserName: chrome, chrome: {chromedriverVersion: 2.44.609538 (b655c5a60b0b54..., userDataDir: C:\Users\VENKAT~1\AppData\L...}, cssSelectorsEnabled: true, databaseEnabled: false, goog:chromeOptions: {debuggerAddress: localhost:63026}, handlesAlerts: true, hasTouchScreen: false, javascriptEnabled: true, locationContextEnabled: true, mobileEmulationEnabled: false, nativeEvents: true, networkConnectionEnabled: false, pageLoadStrategy: normal, platform: XP, platformName: XP, rotatable: false, setWindowRect: true, takesHeapSnapshot: true, takesScreenshot: true, unexpectedAlertBehaviour: ignore, unhandledPromptBehavior: ignore, version: 83.0.4103.116, webStorageEnabled: true}
Session ID: 0c500e0eeead520193349c82171d3d2a
*** Element info: {Using=name, value=fname}
at sun.reflect.NativeConstructorAccessorImpl.newInstance0(Native Method)
at sun.reflect.NativeConstructorAccessorImpl.newInstance(NativeConstructorAccessorImpl.java:62)
at sun.reflect.DelegatingConstructorAccessorImpl.newInstance(DelegatingConstructorAccessorImpl.java:45)
at java.lang.reflect.Constructor.newInstance(Constructor.java:423)
at org.openqa.selenium.remote.ErrorHandler.createThrowable(ErrorHandler.java:214)
at org.openqa.selenium.remote.ErrorHandler.throwIfResponseFailed(ErrorHandler.java:166)
at org.openqa.selenium.remote.http.JsonHttpResponseCodec.reconstructValue(JsonHttpResponseCodec.java:40)
at org.openqa.selenium.remote.http.AbstractHttpResponseCodec.decode(AbstractHttpResponseCodec.java:80)
at org.openqa.selenium.remote.http.AbstractHttpResponseCodec.decode(AbstractHttpResponseCodec.java:44)
at org.openqa.selenium.remote.HttpCommandExecutor.execute(HttpCommandExecutor.java:158)
at org.openqa.selenium.remote.service.DriverCommandExecutor.execute(DriverCommandExecutor.java:83)
at org.openqa.selenium.remote.RemoteWebDriver.execute(RemoteWebDriver.java:548)
at org.openqa.selenium.remote.RemoteWebDriver.findElement(RemoteWebDriver.java:322)
at org.openqa.selenium.remote.RemoteWebDriver.findElementByName(RemoteWebDriver.java:400)
at org.openqa.selenium.By$ByName.findElement(By.java:284)
at org.openqa.selenium.remote.RemoteWebDriver.findElement(RemoteWebDriver.java:314)
at com.STTA.testCases.TC_HighlightElement_013.testHighlightElement(TC_HighlightElement_013.java:44)
at sun.reflect.NativeMethodAccessorImpl.invoke0(Native Method)
at sun.reflect.NativeMethodAccessorImpl.invoke(NativeMethodAccessorImpl.java:62)
at sun.reflect.DelegatingMethodAccessorImpl.invoke(DelegatingMethodAccessorImpl.java:43)
at java.lang.reflect.Method.invoke(Method.java:498)
at org.testng.internal.MethodInvocationHelper.invokeMethod(MethodInvocationHelper.java:124)
at org.testng.internal.Invoker.invokeMethod(Invoker.java:583)
at org.testng.internal.Invoker.invokeTestMethod(Invoker.java:719)
at org.testng.internal.Invoker.invokeTestMethods(Invoker.java:989)
at org.testng.internal.TestMethodWorker.invokeTestMethods(TestMethodWorker.java:125)
at org.testng.internal.TestMethodWorker.run(TestMethodWorker.java:109)
at org.testng.TestRunner.privateRun(TestRunner.java:648)
at org.testng.TestRunner.run(TestRunner.java:505)
at org.testng.SuiteRunner.runTest(SuiteRunner.java:455)
at org.testng.SuiteRunner.runSequentially(SuiteRunner.java:450)
at org.testng.SuiteRunner.privateRun(SuiteRunner.java:415)
at org.testng.SuiteRunner.run(SuiteRunner.java:364)
at org.testng.SuiteRunnerWorker.runSuite(SuiteRunnerWorker.java:52)
at org.testng.SuiteRunnerWorker.run(SuiteRunnerWorker.java:84)
at org.testng.TestNG.runSuitesSequentially(TestNG.java:1208)
at org.testng.TestNG.runSuitesLocally(TestNG.java:1137)
at org.testng.TestNG.runSuites(TestNG.java:1049)
at org.testng.TestNG.run(TestNG.java:1017)
at org.testng.remote.AbstractRemoteTestNG.run(AbstractRemoteTestNG.java:115)
at org.testng.remote.RemoteTestNG.initAndRun(RemoteTestNG.java:251)
at org.testng.remote.RemoteTestNG.main(RemoteTestNG.java:77)
]]>
            </full-stacktrace>
          </exception> <!-- org.openqa.selenium.NoSuchElementException -->
          <reporter-output>
          </reporter-output>
        </test-method> <!-- testHighlightElement -->
        <test-method status="PASS" signature="tearDown()[pri:0, instance:com.STTA.testCases.TC_HighlightElement_013@204f30ec]" name="tearDown" is-config="true" duration-ms="980" started-at="2020-07-01T05:04:51Z" finished-at="2020-07-01T05:04:52Z">
          <reporter-output>
          </reporter-output>
        </test-method> <!-- tearDown -->
      </class> <!-- com.STTA.testCases.TC_HighlightElement_013 -->
      <class name="com.STTA.testCases.TC_ZoomInAndZoomOutPage_034">
        <test-method status="PASS" signature="setUp(java.lang.String)[pri:0, instance:com.STTA.testCases.TC_ZoomInAndZoomOutPage_034@754ba872]" name="setUp" is-config="true" duration-ms="20742" started-at="2020-07-01T05:05:09Z" finished-at="2020-07-01T05:05:30Z">
          <params>
            <param index="0">
              <value>
                <![CDATA[chrome]]>
              </value>
            </param>
          </params>
          <reporter-output>
          </reporter-output>
        </test-method> <!-- setUp -->
        <test-method status="PASS" signature="testZoomInAndZoomOutPage()[pri:0, instance:com.STTA.testCases.TC_ZoomInAndZoomOutPage_034@754ba872]" name="testZoomInAndZoomOutPage" duration-ms="23072" started-at="2020-07-01T05:05:30Z" finished-at="2020-07-01T05:05:53Z">
          <reporter-output>
          </reporter-output>
        </test-method> <!-- testZoomInAndZoomOutPage -->
        <test-method status="PASS" signature="tearDown()[pri:0, instance:com.STTA.testCases.TC_ZoomInAndZoomOutPage_034@754ba872]" name="tearDown" is-config="true" duration-ms="1576" started-at="2020-07-01T05:05:53Z" finished-at="2020-07-01T05:05:54Z">
          <reporter-output>
          </reporter-output>
        </test-method> <!-- tearDown -->
      </class> <!-- com.STTA.testCases.TC_ZoomInAndZoomOutPage_034 -->
    </test> <!--  Ecommerce Application Test  -->
  </suite> <!-- SoftwareTestingTutorialsandAutomation -->
</testng-results>
